0 info it worked if it ends with ok
1 verbose cli [ '/Users/movibe/.nvm/versions/node/v5.5.0/bin/node',
1 verbose cli   '/Users/movibe/.nvm/versions/node/v5.5.0/bin/npm',
1 verbose cli   'start' ]
2 info using npm@3.7.1
3 info using node@v5.5.0
4 verbose run-script [ 'prestart', 'start', 'poststart' ]
5 info lifecycle Photogram@1.5.0~prestart: Photogram@1.5.0
6 silly lifecycle Photogram@1.5.0~prestart: no script for prestart, continuing
7 info lifecycle Photogram@1.5.0~start: Photogram@1.5.0
8 verbose lifecycle Photogram@1.5.0~start: unsafe-perm in lifecycle true
9 verbose lifecycle Photogram@1.5.0~start: PATH: /Users/movibe/.nvm/versions/node/v5.5.0/lib/node_modules/npm/bin/node-gyp-bin:/Users/movibe/Sites/clientes/Photogram/Photogram/node_modules/.bin:/Users/movibe/.nvm/versions/node/v5.5.0/bin:/usr/local/sbin:/Users/movibe/.nvm/versions/node/v5.5.0/bin:/usr/local/sbin:/usr/local/bin:/usr/bin:/bin:/usr/sbin:/sbin
10 verbose lifecycle Photogram@1.5.0~start: CWD: /Users/movibe/Sites/clientes/Photogram/Photogram
11 silly lifecycle Photogram@1.5.0~start: Args: [ '-c', 'gulp serve' ]
12 silly lifecycle Photogram@1.5.0~start: Returned: code: 1  signal: null
13 info lifecycle Photogram@1.5.0~start: Failed to exec start script
14 verbose stack Error: Photogram@1.5.0 start: `gulp serve`
14 verbose stack Exit status 1
14 verbose stack     at EventEmitter.<anonymous> (/Users/movibe/.nvm/versions/node/v5.5.0/lib/node_modules/npm/lib/utils/lifecycle.js:239:16)
14 verbose stack     at emitTwo (events.js:100:13)
14 verbose stack     at EventEmitter.emit (events.js:185:7)
14 verbose stack     at ChildProcess.<anonymous> (/Users/movibe/.nvm/versions/node/v5.5.0/lib/node_modules/npm/lib/utils/spawn.js:24:14)
14 verbose stack     at emitTwo (events.js:100:13)
14 verbose stack     at ChildProcess.emit (events.js:185:7)
14 verbose stack     at maybeClose (internal/child_process.js:821:16)
14 verbose stack     at Process.ChildProcess._handle.onexit (internal/child_process.js:211:5)
15 verbose pkgid Photogram@1.5.0
16 verbose cwd /Users/movibe/Sites/clientes/Photogram/Photogram
17 error Darwin 15.3.0
18 error argv "/Users/movibe/.nvm/versions/node/v5.5.0/bin/node" "/Users/movibe/.nvm/versions/node/v5.5.0/bin/npm" "start"
19 error node v5.5.0
20 error npm  v3.7.1
21 error code ELIFECYCLE
22 error Photogram@1.5.0 start: `gulp serve`
22 error Exit status 1
23 error Failed at the Photogram@1.5.0 start script 'gulp serve'.
23 error Make sure you have the latest version of node.js and npm installed.
23 error If you do, this is most likely a problem with the Photogram package,
23 error not with npm itself.
23 error Tell the author that this fails on your system:
23 error     gulp serve
23 error You can get information on how to open an issue for this project with:
23 error     npm bugs Photogram
23 error Or if that isn't available, you can get their info via:
23 error     npm owner ls Photogram
23 error There is likely additional logging output above.
24 verbose exit [ 1, true ]
